##########################################################
CGRA-8x8: 1 track, half reged, 2-2-4, output_ib 1
##########################################################

Parse Operations: ../cgra-mg/src/main/resources/operations.json
Parse ADG: ../cgra-mg/src/main/resources/cgra_adg.json
Parse DFG: ../bechmarks/test/arf/arf.json
Start mapping >>>>>>
Pre-map checking passed!
Best max latency: 10
Running time(s): 1.584
Succeed to map DFG to ADG!<<<<<<

Parse DFG: ../bechmarks/test/centro-fir/centro-fir.json
Start mapping >>>>>>
Pre-map checking passed!
Best max latency: 7
Running time(s): 1.782
Succeed to map DFG to ADG!<<<<<<

Parse DFG: ../bechmarks/test/cosine1/cosine1.json
Start mapping >>>>>>
Pre-map checking passed!
Best max latency: 9
Running time(s): 3.993
Succeed to map DFG to ADG!<<<<<<

Parse DFG: ../bechmarks/test/ewf/ewf.json
Start mapping >>>>>>
Pre-map checking passed!
Best max latency: 14
Running time(s): 6.615
Succeed to map DFG to ADG!<<<<<<

Parse DFG: ../bechmarks/test/fft/fft.json
Start mapping >>>>>>
Pre-map checking passed!
Best max latency: 6
Running time(s): 0.635
Succeed to map DFG to ADG!<<<<<<

Parse DFG: ../bechmarks/test/fir1/fir1.json
Start mapping >>>>>>
Pre-map checking passed!
Best max latency: 10
Running time(s): 0.653
Succeed to map DFG to ADG!<<<<<<

Parse DFG: ../bechmarks/test/resnet1/resnet1.json
Start mapping >>>>>>
Pre-map checking passed!
Best max latency: 7
Running time(s): 0.656
Succeed to map DFG to ADG!<<<<<<

=============================================
Succeed to map all the DFGs, number:  7
=============================================



##########################################################
CGRA-8x8: 1 track, full reged, 2-2-4, output_ib 1
##########################################################

Parse Operations: ../cgra-mg/src/main/resources/operations.json
Parse ADG: ../cgra-mg/src/main/resources/cgra_adg.json
Parse DFG: ../bechmarks/test/arf/arf.json
Start mapping >>>>>>
Pre-map checking passed!
Best max latency: 14
Running time(s): 1.073
Succeed to map DFG to ADG!<<<<<<

Parse DFG: ../bechmarks/test/centro-fir/centro-fir.json
Start mapping >>>>>>
Pre-map checking passed!
Best max latency: 11
Running time(s): 2.634
Succeed to map DFG to ADG!<<<<<<

Parse DFG: ../bechmarks/test/cosine1/cosine1.json
Start mapping >>>>>>
Pre-map checking passed!
Best max latency: 12
Running time(s): 4.877
Succeed to map DFG to ADG!<<<<<<

Parse DFG: ../bechmarks/test/ewf/ewf.json
Start mapping >>>>>>
Pre-map checking passed!
Best max latency: 16
Running time(s): 14.229
Succeed to map DFG to ADG!<<<<<<

Parse DFG: ../bechmarks/test/fft/fft.json
Start mapping >>>>>>
Pre-map checking passed!
Best max latency: 9
Running time(s): 1.395
Succeed to map DFG to ADG!<<<<<<

Parse DFG: ../bechmarks/test/fir1/fir1.json
Start mapping >>>>>>
Pre-map checking passed!
Best max latency: 14
Running time(s): 1.126
Succeed to map DFG to ADG!<<<<<<

Parse DFG: ../bechmarks/test/resnet1/resnet1.json
Start mapping >>>>>>
Pre-map checking passed!
Best max latency: 10
Running time(s): 0.5
Succeed to map DFG to ADG!<<<<<<

=============================================
Succeed to map all the DFGs, number:  7
=============================================
