##########################################################
CGRA-4x12: 1 track, half reged, 2-2-4, input_ib 1
##########################################################

Parse Operations: ../cgra-mg/src/main/resources/operations.json
Parse ADG: ../cgra-mg/src/main/resources/cgra_adg.json
Parse DFG: ../bechmarks/test/arf/arf.json
Start mapping >>>>>>
Pre-map checking passed!
Best max latency: 10
Running time(s): 1.209
Succeed to map DFG to ADG!<<<<<<

Parse DFG: ../bechmarks/test/centro-fir/centro-fir.json
Start mapping >>>>>>
Pre-map checking passed!
Best max latency: 6
Running time(s): 0.644
Succeed to map DFG to ADG!<<<<<<

Parse DFG: ../bechmarks/test/cosine1/cosine1.json
Start mapping >>>>>>
Pre-map checking passed!
Best max latency: 9
Running time(s): 1.529
Succeed to map DFG to ADG!<<<<<<

Parse DFG: ../bechmarks/test/ewf/ewf.json
Start mapping >>>>>>
Pre-map checking passed!
Best max latency: 14
Running time(s): 3.617
Succeed to map DFG to ADG!<<<<<<

Parse DFG: ../bechmarks/test/fft/fft.json
Start mapping >>>>>>
Pre-map checking passed!
Best max latency: 4
Running time(s): 0.738
Succeed to map DFG to ADG!<<<<<<

Parse DFG: ../bechmarks/test/fir/fir.json
Start mapping >>>>>>
Pre-map checking passed!
Best max latency: 10
Running time(s): 0.505
Succeed to map DFG to ADG!<<<<<<

Parse DFG: ../bechmarks/test/fir1/fir1.json
Start mapping >>>>>>
Pre-map checking passed!
Best max latency: 10
Running time(s): 0.937
Succeed to map DFG to ADG!<<<<<<

Parse DFG: ../bechmarks/test/resnet1/resnet1.json
Start mapping >>>>>>
Pre-map checking passed!
Best max latency: 5
Running time(s): 0.64
Succeed to map DFG to ADG!<<<<<<

=============================================
Succeed to map all the DFGs, number:  8
=============================================


