
##########################################################
CGRA-16x16: 2 track, half reged, 2-2-4, output_ib 1
##########################################################

Parse Operations: ../cgra-mg/src/main/resources/operations.json
Parse ADG: ../cgra-mg/src/main/resources/cgra_adg.json
Parse DFG: ../bechmarks/test/cosine2/cosine2.json
Start mapping >>>>>>
Pre-map checking passed!
Best max latency: 15
Running time(s): 60.68
Succeed to map DFG to ADG!<<<<<<

Parse DFG: ../bechmarks/test/fir/fir.json
Start mapping >>>>>>
Pre-map checking passed!
Best max latency: 22
Running time(s): 5.257
Succeed to map DFG to ADG!<<<<<<

Parse DFG: ../bechmarks/test/md/md.json
Start mapping >>>>>>
Pre-map checking passed!
Best max latency: 29
Running time(s): 813.345
Succeed to map DFG to ADG!<<<<<<

Parse DFG: ../bechmarks/test/resnet2/resnet2.json
Start mapping >>>>>>
Pre-map checking passed!
Best max latency: 18
Running time(s): 6.676
Succeed to map DFG to ADG!<<<<<<

Parse DFG: ../bechmarks/test/stencil3d/stencil3d.json
Start mapping >>>>>>
Pre-map checking passed!
Best max latency: 19
Running time(s): 124.018
Succeed to map DFG to ADG!<<<<<<

=============================================
Succeed to map all the DFGs, number:  5
=============================================


##########################################################
CGRA-16x16: 1 track, half reged, 2-2-4, output_ib 1
##########################################################

Parse Operations: ../cgra-mg/src/main/resources/operations.json
Parse ADG: ../cgra-mg/src/main/resources/cgra_adg.json
Parse DFG: ../bechmarks/test/cosine2/cosine2.json
Start mapping >>>>>>
Pre-map checking passed!
Best max latency: 15
Running time(s): 81.153
Succeed to map DFG to ADG!<<<<<<

Parse DFG: ../bechmarks/test/fir/fir.json
Start mapping >>>>>>
Pre-map checking passed!
Best max latency: 17
Running time(s): 4.339
Succeed to map DFG to ADG!<<<<<<

Parse DFG: ../bechmarks/test/md/md.json
Start mapping >>>>>>
Pre-map checking passed!
Best max latency: 29
Running time(s): 827.332
Succeed to map DFG to ADG!<<<<<<

Parse DFG: ../bechmarks/test/resnet2/resnet2.json
Start mapping >>>>>>
Pre-map checking passed!
Best max latency: 18
Running time(s): 3.726
Succeed to map DFG to ADG!<<<<<<

Parse DFG: ../bechmarks/test/stencil3d/stencil3d.json
Start mapping >>>>>>
Pre-map checking passed!
Best max latency: 17
Running time(s): 138.99
Succeed to map DFG to ADG!<<<<<<

=============================================
Succeed to map all the DFGs, number:  5
=============================================
